2021-03-01 20:45:42,339 INFO  Android.Topic_01_BasicTest - Appium server started
2021-03-01 20:45:53,978 INFO  Android.Topic_01_BasicTest - Test With Android
2021-03-01 20:46:29,016 INFO  Android.Topic_01_BasicTest - Appium server started
2021-03-01 20:46:52,262 INFO  Android.Topic_01_BasicTest - Appium server already running
2021-03-01 20:47:37,761 INFO  Android.Topic_01_BasicTest - Appium server started
2021-03-01 20:47:43,644 INFO  Android.Topic_01_BasicTest - Test With Android
2021-03-01 20:48:19,231 INFO  Android.Topic_01_BasicTest - Appium server stopped
2021-03-01 20:54:21,829 INFO  Android.Topic_01_BasicTest - Appium server started
2021-03-01 20:54:29,803 INFO  Android.Topic_01_BasicTest - Test With Android
2021-03-01 20:55:04,373 INFO  Android.Topic_01_BasicTest - Appium server stopped
2021-03-01 20:55:54,380 INFO  Android.Topic_01_BasicTest - Appium server started
2021-03-01 20:56:01,511 INFO  Android.Topic_01_BasicTest - Test With Android
2021-03-01 20:56:35,627 INFO  Android.Topic_01_BasicTest - Appium server stopped
2021-03-01 20:56:55,174 INFO  Android.Topic_01_BasicTest - Appium server started
2021-03-01 20:57:02,180 INFO  Android.Topic_01_BasicTest - Test With Android
2021-03-01 20:57:36,250 INFO  Android.Topic_01_BasicTest - Appium server stopped
2021-03-01 21:01:45,892 INFO  Android.Topic_01_BasicTest - Appium server started
2021-03-01 21:01:53,310 INFO  Android.Topic_01_BasicTest - Test With Android
2021-03-01 21:02:27,741 INFO  Android.Topic_01_BasicTest - Appium server stopped
2021-03-01 21:03:02,001 INFO  Android.Topic_01_BasicTest - Appium server started
2021-03-01 21:03:09,164 INFO  Android.Topic_01_BasicTest - Test With Android
2021-03-01 21:03:26,434 INFO  Android.Topic_01_BasicTest - Appium server started
2021-03-01 21:03:33,779 INFO  Android.Topic_01_BasicTest - Test With Android
2021-03-01 21:04:08,076 INFO  Android.Topic_01_BasicTest - Appium server stopped
2021-03-01 21:42:59,618 INFO  Android.Topic_04_TestDeepLink$Topic_03_ZoomIn_Out - Appium server started
2021-03-01 21:43:07,921 INFO  Android.Topic_04_TestDeepLink$Topic_03_ZoomIn_Out - Test With Android
2021-03-01 21:43:15,687 INFO  Android.Topic_04_TestDeepLink$Topic_03_ZoomIn_Out - Appium server stopped
2021-03-01 21:43:42,744 INFO  Android.Topic_04_TestDeepLink$Topic_03_ZoomIn_Out - Appium server started
2021-03-01 21:43:51,318 INFO  Android.Topic_04_TestDeepLink$Topic_03_ZoomIn_Out - Test With Android
2021-03-01 21:43:53,773 INFO  Android.Topic_04_TestDeepLink$Topic_03_ZoomIn_Out - Appium server stopped
